<?xml version="1.0" encoding="UTF-8"?>
<!-- Generated by org.testng.reporters.JUnitXMLReporter -->
<testsuite ignored="0" hostname="DESKTOP-I4TJMN0" failures="0" tests="5" name="Test" time="3.167" errors="0" timestamp="2021-12-22T18:51:57 IST">
  <testcase classname="scripts.completebooking" name="complete_booking" time="2.529"/>
  <testcase classname="scripts.getbookflights" name="Getflight_details" time="0.134"/>
  <testcase classname="scripts.getFlights" name="Getflights" time="0.069"/>
  <testcase classname="scripts.login" name="register_user" time="0.127"/>
  <testcase classname="scripts.postuser" name="register_user" time="0.053"/>
</testsuite> <!-- Test -->
